<?xml version="1.0" encoding="UTF-8"?>
<!-- Generated by org.testng.reporters.JUnitReportReporter -->
<testsuite hostname="DESKTOP-BMKO81V" failures="0" tests="3" name="automationFC.Topic_01_CheckEnviroment" time="0.112" errors="0" timestamp="30 May 2022 02:47:33 GMT" skipped="0">
  <testcase classname="automationFC.Topic_01_CheckEnviroment" name="TC_03_LoginFormDisplayed" time="0.098"/>
  <testcase classname="automationFC.Topic_01_CheckEnviroment" name="TC_02_ValidatePageTitle" time="0.004"/>
  <testcase classname="automationFC.Topic_01_CheckEnviroment" name="TC_01_ValidateCurrentUrl" time="0.010"/>
</testsuite> <!-- automationFC.Topic_01_CheckEnviroment -->
